/var/spool/slurmd/job9552057/slurm_script: line 17: cd: /scratch/jgado/deepPETase: No such file or directory
2022-06-29 08:04:24.856835: I tensorflow/stream_executor/platform/default/dso_loader.cc:44] Successfully opened dynamic library libcuda.so.1
2022-06-29 08:04:26.552789: I tensorflow/core/common_runtime/gpu/gpu_device.cc:1561] Found device 0 with properties: 
pciBusID: 0000:37:00.0 name: Tesla V100-PCIE-16GB computeCapability: 7.0
coreClock: 1.38GHz coreCount: 80 deviceMemorySize: 15.78GiB deviceMemoryBandwidth: 836.37GiB/s
2022-06-29 08:04:26.553454: I tensorflow/core/common_runtime/gpu/gpu_device.cc:1561] Found device 1 with properties: 
pciBusID: 0000:86:00.0 name: Tesla V100-PCIE-16GB computeCapability: 7.0
coreClock: 1.38GHz coreCount: 80 deviceMemorySize: 15.78GiB deviceMemoryBandwidth: 836.37GiB/s
2022-06-29 08:04:26.560606: I tensorflow/stream_executor/platform/default/dso_loader.cc:44] Successfully opened dynamic library libcudart.so.10.1
2022-06-29 08:04:26.615756: I tensorflow/stream_executor/platform/default/dso_loader.cc:44] Successfully opened dynamic library libcublas.so.10
2022-06-29 08:04:26.665200: I tensorflow/stream_executor/platform/default/dso_loader.cc:44] Successfully opened dynamic library libcufft.so.10
2022-06-29 08:04:26.738177: I tensorflow/stream_executor/platform/default/dso_loader.cc:44] Successfully opened dynamic library libcurand.so.10
2022-06-29 08:04:26.791187: I tensorflow/stream_executor/platform/default/dso_loader.cc:44] Successfully opened dynamic library libcusolver.so.10
2022-06-29 08:04:26.823518: I tensorflow/stream_executor/platform/default/dso_loader.cc:44] Successfully opened dynamic library libcusparse.so.10
2022-06-29 08:04:26.916649: I tensorflow/stream_executor/platform/default/dso_loader.cc:44] Successfully opened dynamic library libcudnn.so.7
2022-06-29 08:04:26.919051: I tensorflow/core/common_runtime/gpu/gpu_device.cc:1703] Adding visible gpu devices: 0, 1
2022-06-29 08:04:26.919436: I tensorflow/core/platform/cpu_feature_guard.cc:143] Your CPU supports instructions that this TensorFlow binary was not compiled to use: SSE4.1 SSE4.2 AVX AVX2 AVX512F FMA
2022-06-29 08:04:26.926672: I tensorflow/core/platform/profile_utils/cpu_utils.cc:102] CPU Frequency: 3000000000 Hz
2022-06-29 08:04:26.928488: I tensorflow/compiler/xla/service/service.cc:168] XLA service 0x55cdcf321c60 initialized for platform Host (this does not guarantee that XLA will be used). Devices:
2022-06-29 08:04:26.928536: I tensorflow/compiler/xla/service/service.cc:176]   StreamExecutor device (0): Host, Default Version
2022-06-29 08:04:27.144833: I tensorflow/core/common_runtime/gpu/gpu_device.cc:1561] Found device 0 with properties: 
pciBusID: 0000:37:00.0 name: Tesla V100-PCIE-16GB computeCapability: 7.0
coreClock: 1.38GHz coreCount: 80 deviceMemorySize: 15.78GiB deviceMemoryBandwidth: 836.37GiB/s
2022-06-29 08:04:27.145504: I tensorflow/core/common_runtime/gpu/gpu_device.cc:1561] Found device 1 with properties: 
pciBusID: 0000:86:00.0 name: Tesla V100-PCIE-16GB computeCapability: 7.0
coreClock: 1.38GHz coreCount: 80 deviceMemorySize: 15.78GiB deviceMemoryBandwidth: 836.37GiB/s
2022-06-29 08:04:27.145569: I tensorflow/stream_executor/platform/default/dso_loader.cc:44] Successfully opened dynamic library libcudart.so.10.1
2022-06-29 08:04:27.145590: I tensorflow/stream_executor/platform/default/dso_loader.cc:44] Successfully opened dynamic library libcublas.so.10
2022-06-29 08:04:27.145609: I tensorflow/stream_executor/platform/default/dso_loader.cc:44] Successfully opened dynamic library libcufft.so.10
2022-06-29 08:04:27.145627: I tensorflow/stream_executor/platform/default/dso_loader.cc:44] Successfully opened dynamic library libcurand.so.10
2022-06-29 08:04:27.145645: I tensorflow/stream_executor/platform/default/dso_loader.cc:44] Successfully opened dynamic library libcusolver.so.10
2022-06-29 08:04:27.145662: I tensorflow/stream_executor/platform/default/dso_loader.cc:44] Successfully opened dynamic library libcusparse.so.10
2022-06-29 08:04:27.145680: I tensorflow/stream_executor/platform/default/dso_loader.cc:44] Successfully opened dynamic library libcudnn.so.7
2022-06-29 08:04:27.147813: I tensorflow/core/common_runtime/gpu/gpu_device.cc:1703] Adding visible gpu devices: 0, 1
2022-06-29 08:04:27.147873: I tensorflow/stream_executor/platform/default/dso_loader.cc:44] Successfully opened dynamic library libcudart.so.10.1
2022-06-29 08:04:27.149561: I tensorflow/core/common_runtime/gpu/gpu_device.cc:1102] Device interconnect StreamExecutor with strength 1 edge matrix:
2022-06-29 08:04:27.149587: I tensorflow/core/common_runtime/gpu/gpu_device.cc:1108]      0 1 
2022-06-29 08:04:27.149604: I tensorflow/core/common_runtime/gpu/gpu_device.cc:1121] 0:   N Y 
2022-06-29 08:04:27.149615: I tensorflow/core/common_runtime/gpu/gpu_device.cc:1121] 1:   Y N 
2022-06-29 08:04:27.151886: I tensorflow/core/common_runtime/gpu/gpu_device.cc:1247] Created TensorFlow device (/job:localhost/replica:0/task:0/device:GPU:0 with 14900 MB memory) -> physical GPU (device: 0, name: Tesla V100-PCIE-16GB, pci bus id: 0000:37:00.0, compute capability: 7.0)
2022-06-29 08:04:27.153331: I tensorflow/core/common_runtime/gpu/gpu_device.cc:1247] Created TensorFlow device (/job:localhost/replica:0/task:0/device:GPU:1 with 14900 MB memory) -> physical GPU (device: 1, name: Tesla V100-PCIE-16GB, pci bus id: 0000:86:00.0, compute capability: 7.0)
2022-06-29 08:04:27.155088: I tensorflow/compiler/xla/service/service.cc:168] XLA service 0x55cdd0442100 initialized for platform CUDA (this does not guarantee that XLA will be used). Devices:
2022-06-29 08:04:27.155119: I tensorflow/compiler/xla/service/service.cc:176]   StreamExecutor device (0): Tesla V100-PCIE-16GB, Compute Capability 7.0
2022-06-29 08:04:27.155139: I tensorflow/compiler/xla/service/service.cc:176]   StreamExecutor device (1): Tesla V100-PCIE-16GB, Compute Capability 7.0
2022-06-29 08:04:30.622525: I tensorflow/stream_executor/platform/default/dso_loader.cc:44] Successfully opened dynamic library libcublas.so.10
/home/jgado/condaenvs/tfgpu/lib/python3.8/site-packages/sklearn/metrics/_classification.py:870: RuntimeWarning: invalid value encountered in double_scalars
  mcc = cov_ytyp / np.sqrt(cov_ytyt * cov_ypyp)
/home/jgado/condaenvs/tfgpu/lib/python3.8/site-packages/sklearn/metrics/_classification.py:870: RuntimeWarning: invalid value encountered in double_scalars
  mcc = cov_ytyp / np.sqrt(cov_ytyt * cov_ypyp)
/home/jgado/condaenvs/tfgpu/lib/python3.8/site-packages/sklearn/metrics/_classification.py:870: RuntimeWarning: invalid value encountered in double_scalars
  mcc = cov_ytyp / np.sqrt(cov_ytyt * cov_ypyp)
